# JRE version: Java(TM) SE Runtime Environment (8.0_351-b10) (build 1.8.0_351-b10)
# Java VM: Java HotSpot(TM) 64-Bit Server VM (25.351-b10 mixed mode windows-amd64 compressed oops)
Heap:
 PSYoungGen      total 193024K, used 98750K [0x00000000eab00000, 0x00000000f8500000, 0x0000000100000000)
  eden space 179712K, 47% used [0x00000000eab00000,0x00000000efe75858,0x00000000f5a80000)
  from space 13312K, 99% used [0x00000000f6c00000,0x00000000f78fa0b0,0x00000000f7900000)
  to   space 17920K, 0% used [0x00000000f5a80000,0x00000000f5a80000,0x00000000f6c00000)
 ParOldGen       total 93184K, used 30704K [0x00000000c0000000, 0x00000000c5b00000, 0x00000000eab00000)
  object space 93184K, 32% used [0x00000000c0000000,0x00000000c1dfc048,0x00000000c5b00000)
 Metaspace       used 52849K, capacity 56916K, committed 57088K, reserved 1097728K
  class space    used 7609K, capacity 8325K, committed 8448K, reserved 1048576K
GC Heap History (10 events):
Event: 8.952 GC heap before
{Heap before GC invocations=10 (full 1):
 PSYoungGen      total 118784K, used 98791K [0x00000000eab00000, 0x00000000f3b00000, 0x0000000100000000)
  eden space 113152K, 82% used [0x00000000eab00000,0x00000000f066e868,0x00000000f1980000)
  from space 5632K, 91% used [0x00000000f3580000,0x00000000f3a8b4a0,0x00000000f3b00000)
  to   space 9728K, 0% used [0x00000000f2800000,0x00000000f2800000,0x00000000f3180000)
 ParOldGen       total 56832K, used 9677K [0x00000000c0000000, 0x00000000c3780000, 0x00000000eab00000)
  object space 56832K, 17% used [0x00000000c0000000,0x00000000c0973660,0x00000000c3780000)
 Metaspace       used 33782K, capacity 35426K, committed 35496K, reserved 1079296K
  class space    used 4968K, capacity 5320K, committed 5376K, reserved 1048576K
Event: 8.969 GC heap after
Heap after GC invocations=10 (full 1):
 PSYoungGen      total 137728K, used 9716K [0x00000000eab00000, 0x00000000f5d80000, 0x0000000100000000)
  eden space 128000K, 0% used [0x00000000eab00000,0x00000000eab00000,0x00000000f2800000)
  from space 9728K, 99% used [0x00000000f2800000,0x00000000f317d390,0x00000000f3180000)
  to   space 11264K, 0% used [0x00000000f5280000,0x00000000f5280000,0x00000000f5d80000)
 ParOldGen       total 56832K, used 11938K [0x00000000c0000000, 0x00000000c3780000, 0x00000000eab00000)
  object space 56832K, 21% used [0x00000000c0000000,0x00000000c0ba8980,0x00000000c3780000)
 Metaspace       used 33782K, capacity 35426K, committed 35496K, reserved 1079296K
  class space    used 4968K, capacity 5320K, committed 5376K, reserved 1048576K
}
Event: 8.969 GC heap before
{Heap before GC invocations=11 (full 2):
 PSYoungGen      total 137728K, used 9716K [0x00000000eab00000, 0x00000000f5d80000, 0x0000000100000000)
  eden space 128000K, 0% used [0x00000000eab00000,0x00000000eab00000,0x00000000f2800000)
  from space 9728K, 99% used [0x00000000f2800000,0x00000000f317d390,0x00000000f3180000)
  to   space 11264K, 0% used [0x00000000f5280000,0x00000000f5280000,0x00000000f5d80000)
 ParOldGen       total 56832K, used 11938K [0x00000000c0000000, 0x00000000c3780000, 0x00000000eab00000)
  object space 56832K, 21% used [0x00000000c0000000,0x00000000c0ba8980,0x00000000c3780000)
 Metaspace       used 33782K, capacity 35426K, committed 35496K, reserved 1079296K
  class space    used 4968K, capacity 5320K, committed 5376K, reserved 1048576K
Event: 9.065 GC heap after
Heap after GC invocations=11 (full 2):
 PSYoungGen      total 137728K, used 0K [0x00000000eab00000, 0x00000000f5d80000, 0x0000000100000000)
  eden space 128000K, 0% used [0x00000000eab00000,0x00000000eab00000,0x00000000f2800000)
  from space 9728K, 0% used [0x00000000f2800000,0x00000000f2800000,0x00000000f3180000)
  to   space 11264K, 0% used [0x00000000f5280000,0x00000000f5280000,0x00000000f5d80000)
 ParOldGen       total 93184K, used 19312K [0x00000000c0000000, 0x00000000c5b00000, 0x00000000eab00000)
  object space 93184K, 20% used [0x00000000c0000000,0x00000000c12dc260,0x00000000c5b00000)
 Metaspace       used 33782K, capacity 35426K, committed 35496K, reserved 1079296K
  class space    used 4968K, capacity 5320K, committed 5376K, reserved 1048576K
}
Event: 10.491 GC heap before
{Heap before GC invocations=12 (full 2):
 PSYoungGen      total 137728K, used 128000K [0x00000000eab00000, 0x00000000f5d80000, 0x0000000100000000)
  eden space 128000K, 100% used [0x00000000eab00000,0x00000000f2800000,0x00000000f2800000)
  from space 9728K, 0% used [0x00000000f2800000,0x00000000f2800000,0x00000000f3180000)
  to   space 11264K, 0% used [0x00000000f5280000,0x00000000f5280000,0x00000000f5d80000)
 ParOldGen       total 93184K, used 19312K [0x00000000c0000000, 0x00000000c5b00000, 0x00000000eab00000)
  object space 93184K, 20% used [0x00000000c0000000,0x00000000c12dc260,0x00000000c5b00000)
 Metaspace       used 40426K, capacity 42648K, committed 42880K, reserved 1085440K
  class space    used 5807K, capacity 6228K, committed 6272K, reserved 1048576K
Event: 10.504 GC heap after
Heap after GC invocations=12 (full 2):
 PSYoungGen      total 161792K, used 7584K [0x00000000eab00000, 0x00000000f5a00000, 0x0000000100000000)
  eden space 154112K, 0% used [0x00000000eab00000,0x00000000eab00000,0x00000000f4180000)
  from space 7680K, 98% used [0x00000000f5280000,0x00000000f59e8278,0x00000000f5a00000)
  to   space 11264K, 0% used [0x00000000f4400000,0x00000000f4400000,0x00000000f4f00000)
 ParOldGen       total 93184K, used 19320K [0x00000000c0000000, 0x00000000c5b00000, 0x00000000eab00000)
  object space 93184K, 20% used [0x00000000c0000000,0x00000000c12de260,0x00000000c5b00000)
 Metaspace       used 40426K, capacity 42648K, committed 42880K, reserved 1085440K
  class space    used 5807K, capacity 6228K, committed 6272K, reserved 1048576K
}
Event: 12.673 GC heap before
{Heap before GC invocations=13 (full 2):
 PSYoungGen      total 161792K, used 161696K [0x00000000eab00000, 0x00000000f5a00000, 0x0000000100000000)
  eden space 154112K, 100% used [0x00000000eab00000,0x00000000f4180000,0x00000000f4180000)
  from space 7680K, 98% used [0x00000000f5280000,0x00000000f59e8278,0x00000000f5a00000)
  to   space 11264K, 0% used [0x00000000f4400000,0x00000000f4400000,0x00000000f4f00000)
 ParOldGen       total 93184K, used 19320K [0x00000000c0000000, 0x00000000c5b00000, 0x00000000eab00000)
  object space 93184K, 20% used [0x00000000c0000000,0x00000000c12de260,0x00000000c5b00000)
 Metaspace       used 46726K, capacity 49722K, committed 49920K, reserved 1091584K
  class space    used 6807K, capacity 7352K, committed 7424K, reserved 1048576K
Event: 12.694 GC heap after
Heap after GC invocations=13 (full 2):
 PSYoungGen      total 167936K, used 11259K [0x00000000eab00000, 0x00000000f7900000, 0x0000000100000000)
  eden space 156672K, 0% used [0x00000000eab00000,0x00000000eab00000,0x00000000f4400000)
  from space 11264K, 99% used [0x00000000f4400000,0x00000000f4efecf0,0x00000000f4f00000)
  to   space 13312K, 0% used [0x00000000f6c00000,0x00000000f6c00000,0x00000000f7900000)
 ParOldGen       total 93184K, used 22441K [0x00000000c0000000, 0x00000000c5b00000, 0x00000000eab00000)
  object space 93184K, 24% used [0x00000000c0000000,0x00000000c15ea7e0,0x00000000c5b00000)
 Metaspace       used 46726K, capacity 49722K, committed 49920K, reserved 1091584K
  class space    used 6807K, capacity 7352K, committed 7424K, reserved 1048576K
}
Event: 15.403 GC heap before
{Heap before GC invocations=14 (full 2):
 PSYoungGen      total 167936K, used 167931K [0x00000000eab00000, 0x00000000f7900000, 0x0000000100000000)
  eden space 156672K, 100% used [0x00000000eab00000,0x00000000f4400000,0x00000000f4400000)
  from space 11264K, 99% used [0x00000000f4400000,0x00000000f4efecf0,0x00000000f4f00000)
  to   space 13312K, 0% used [0x00000000f6c00000,0x00000000f6c00000,0x00000000f7900000)
 ParOldGen       total 93184K, used 22441K [0x00000000c0000000, 0x00000000c5b00000, 0x00000000eab00000)
  object space 93184K, 24% used [0x00000000c0000000,0x00000000c15ea7e0,0x00000000c5b00000)
 Metaspace       used 50989K, capacity 54630K, committed 54912K, reserved 1095680K
  class space    used 7329K, capacity 7996K, committed 8064K, reserved 1048576K
Event: 15.437 GC heap after
Heap after GC invocations=14 (full 2):
 PSYoungGen      total 193024K, used 13288K [0x00000000eab00000, 0x00000000f8500000, 0x0000000100000000)
  eden space 179712K, 0% used [0x00000000eab00000,0x00000000eab00000,0x00000000f5a80000)
  from space 13312K, 99% used [0x00000000f6c00000,0x00000000f78fa0b0,0x00000000f7900000)
  to   space 17920K, 0% used [0x00000000f5a80000,0x00000000f5a80000,0x00000000f6c00000)
 ParOldGen       total 93184K, used 30704K [0x00000000c0000000, 0x00000000c5b00000, 0x00000000eab00000)
  object space 93184K, 32% used [0x00000000c0000000,0x00000000c1dfc048,0x00000000c5b00000)
 Metaspace       used 50989K, capacity 54630K, committed 54912K, reserved 1095680K
  class space    used 7329K, capacity 7996K, committed 8064K, reserved 1048576K
}

