# JRE version: Java(TM) SE Runtime Environment (8.0_351-b10) (build 1.8.0_351-b10)
# Java VM: Java HotSpot(TM) 64-Bit Server VM (25.351-b10 mixed mode windows-amd64 compressed oops)
Heap:
 PSYoungGen      total 38400K, used 13056K [0x00000000f5580000, 0x00000000fa980000, 0x0000000100000000)
  eden space 33280K, 23% used [0x00000000f5580000,0x00000000f5d40820,0x00000000f7600000)
  from space 5120K, 99% used [0x00000000f7600000,0x00000000f7aff998,0x00000000f7b00000)
  to   space 9728K, 0% used [0x00000000fa000000,0x00000000fa000000,0x00000000fa980000)
 ParOldGen       total 87552K, used 6964K [0x00000000e0000000, 0x00000000e5580000, 0x00000000f5580000)
  object space 87552K, 7% used [0x00000000e0000000,0x00000000e06cd0c0,0x00000000e5580000)
 Metaspace       used 17420K, capacity 17964K, committed 18304K, reserved 1064960K
  class space    used 2467K, capacity 2600K, committed 2688K, reserved 1048576K
GC Heap History (10 events):
Event: 1.691 GC heap before
{Heap before GC invocations=1 (full 0):
 PSYoungGen      total 38400K, used 33280K [0x00000000f5580000, 0x00000000f8000000, 0x0000000100000000)
  eden space 33280K, 100% used [0x00000000f5580000,0x00000000f7600000,0x00000000f7600000)
  from space 5120K, 0% used [0x00000000f7b00000,0x00000000f7b00000,0x00000000f8000000)
  to   space 5120K, 0% used [0x00000000f7600000,0x00000000f7600000,0x00000000f7b00000)
 ParOldGen       total 87552K, used 0K [0x00000000e0000000, 0x00000000e5580000, 0x00000000f5580000)
  object space 87552K, 0% used [0x00000000e0000000,0x00000000e0000000,0x00000000e5580000)
 Metaspace       used 7138K, capacity 7426K, committed 7680K, reserved 1056768K
  class space    used 900K, capacity 991K, committed 1024K, reserved 1048576K
Event: 1.698 GC heap after
Heap after GC invocations=1 (full 0):
 PSYoungGen      total 38400K, used 5015K [0x00000000f5580000, 0x00000000f8000000, 0x0000000100000000)
  eden space 33280K, 0% used [0x00000000f5580000,0x00000000f5580000,0x00000000f7600000)
  from space 5120K, 97% used [0x00000000f7600000,0x00000000f7ae5ed0,0x00000000f7b00000)
  to   space 5120K, 0% used [0x00000000f7b00000,0x00000000f7b00000,0x00000000f8000000)
 ParOldGen       total 87552K, used 16K [0x00000000e0000000, 0x00000000e5580000, 0x00000000f5580000)
  object space 87552K, 0% used [0x00000000e0000000,0x00000000e0004000,0x00000000e5580000)
 Metaspace       used 7138K, capacity 7426K, committed 7680K, reserved 1056768K
  class space    used 900K, capacity 991K, committed 1024K, reserved 1048576K
}
Event: 2.351 GC heap before
{Heap before GC invocations=2 (full 0):
 PSYoungGen      total 38400K, used 38060K [0x00000000f5580000, 0x00000000f8000000, 0x0000000100000000)
  eden space 33280K, 99% used [0x00000000f5580000,0x00000000f75c54b8,0x00000000f7600000)
  from space 5120K, 97% used [0x00000000f7600000,0x00000000f7ae5ed0,0x00000000f7b00000)
  to   space 5120K, 0% used [0x00000000f7b00000,0x00000000f7b00000,0x00000000f8000000)
 ParOldGen       total 87552K, used 16K [0x00000000e0000000, 0x00000000e5580000, 0x00000000f5580000)
  object space 87552K, 0% used [0x00000000e0000000,0x00000000e0004000,0x00000000e5580000)
 Metaspace       used 7919K, capacity 8232K, committed 8320K, reserved 1056768K
  class space    used 985K, capacity 1088K, committed 1152K, reserved 1048576K
Event: 2.357 GC heap after
Heap after GC invocations=2 (full 0):
 PSYoungGen      total 38400K, used 4353K [0x00000000f5580000, 0x00000000f8000000, 0x0000000100000000)
  eden space 33280K, 0% used [0x00000000f5580000,0x00000000f5580000,0x00000000f7600000)
  from space 5120K, 85% used [0x00000000f7b00000,0x00000000f7f40578,0x00000000f8000000)
  to   space 5120K, 0% used [0x00000000f7600000,0x00000000f7600000,0x00000000f7b00000)
 ParOldGen       total 87552K, used 24K [0x00000000e0000000, 0x00000000e5580000, 0x00000000f5580000)
  object space 87552K, 0% used [0x00000000e0000000,0x00000000e0006000,0x00000000e5580000)
 Metaspace       used 7919K, capacity 8232K, committed 8320K, reserved 1056768K
  class space    used 985K, capacity 1088K, committed 1152K, reserved 1048576K
}
Event: 2.807 GC heap before
{Heap before GC invocations=3 (full 0):
 PSYoungGen      total 38400K, used 37633K [0x00000000f5580000, 0x00000000f8000000, 0x0000000100000000)
  eden space 33280K, 100% used [0x00000000f5580000,0x00000000f7600000,0x00000000f7600000)
  from space 5120K, 85% used [0x00000000f7b00000,0x00000000f7f40578,0x00000000f8000000)
  to   space 5120K, 0% used [0x00000000f7600000,0x00000000f7600000,0x00000000f7b00000)
 ParOldGen       total 87552K, used 24K [0x00000000e0000000, 0x00000000e5580000, 0x00000000f5580000)
  object space 87552K, 0% used [0x00000000e0000000,0x00000000e0006000,0x00000000e5580000)
 Metaspace       used 9725K, capacity 10086K, committed 10368K, reserved 1058816K
  class space    used 1280K, capacity 1385K, committed 1408K, reserved 1048576K
Event: 2.812 GC heap after
Heap after GC invocations=3 (full 0):
 PSYoungGen      total 38400K, used 5103K [0x00000000f5580000, 0x00000000f8000000, 0x0000000100000000)
  eden space 33280K, 0% used [0x00000000f5580000,0x00000000f5580000,0x00000000f7600000)
  from space 5120K, 99% used [0x00000000f7600000,0x00000000f7afbef0,0x00000000f7b00000)
  to   space 5120K, 0% used [0x00000000f7b00000,0x00000000f7b00000,0x00000000f8000000)
 ParOldGen       total 87552K, used 651K [0x00000000e0000000, 0x00000000e5580000, 0x00000000f5580000)
  object space 87552K, 0% used [0x00000000e0000000,0x00000000e00a2c68,0x00000000e5580000)
 Metaspace       used 9725K, capacity 10086K, committed 10368K, reserved 1058816K
  class space    used 1280K, capacity 1385K, committed 1408K, reserved 1048576K
}
Event: 7.177 GC heap before
{Heap before GC invocations=4 (full 0):
 PSYoungGen      total 38400K, used 38383K [0x00000000f5580000, 0x00000000f8000000, 0x0000000100000000)
  eden space 33280K, 100% used [0x00000000f5580000,0x00000000f7600000,0x00000000f7600000)
  from space 5120K, 99% used [0x00000000f7600000,0x00000000f7afbef0,0x00000000f7b00000)
  to   space 5120K, 0% used [0x00000000f7b00000,0x00000000f7b00000,0x00000000f8000000)
 ParOldGen       total 87552K, used 651K [0x00000000e0000000, 0x00000000e5580000, 0x00000000f5580000)
  object space 87552K, 0% used [0x00000000e0000000,0x00000000e00a2c68,0x00000000e5580000)
 Metaspace       used 13787K, capacity 14256K, committed 14336K, reserved 1060864K
  class space    used 1901K, capacity 2036K, committed 2048K, reserved 1048576K
Event: 7.189 GC heap after
Heap after GC invocations=4 (full 0):
 PSYoungGen      total 38400K, used 5118K [0x00000000f5580000, 0x00000000f8000000, 0x0000000100000000)
  eden space 33280K, 0% used [0x00000000f5580000,0x00000000f5580000,0x00000000f7600000)
  from space 5120K, 99% used [0x00000000f7b00000,0x00000000f7fff978,0x00000000f8000000)
  to   space 5120K, 0% used [0x00000000f7600000,0x00000000f7600000,0x00000000f7b00000)
 ParOldGen       total 87552K, used 3625K [0x00000000e0000000, 0x00000000e5580000, 0x00000000f5580000)
  object space 87552K, 4% used [0x00000000e0000000,0x00000000e038a6a0,0x00000000e5580000)
 Metaspace       used 13787K, capacity 14256K, committed 14336K, reserved 1060864K
  class space    used 1901K, capacity 2036K, committed 2048K, reserved 1048576K
}
Event: 7.677 GC heap before
{Heap before GC invocations=5 (full 0):
 PSYoungGen      total 38400K, used 38398K [0x00000000f5580000, 0x00000000f8000000, 0x0000000100000000)
  eden space 33280K, 100% used [0x00000000f5580000,0x00000000f7600000,0x00000000f7600000)
  from space 5120K, 99% used [0x00000000f7b00000,0x00000000f7fff978,0x00000000f8000000)
  to   space 5120K, 0% used [0x00000000f7600000,0x00000000f7600000,0x00000000f7b00000)
 ParOldGen       total 87552K, used 3625K [0x00000000e0000000, 0x00000000e5580000, 0x00000000f5580000)
  object space 87552K, 4% used [0x00000000e0000000,0x00000000e038a6a0,0x00000000e5580000)
 Metaspace       used 16732K, capacity 17390K, committed 17664K, reserved 1064960K
  class space    used 2353K, capacity 2493K, committed 2560K, reserved 1048576K
Event: 7.688 GC heap after
Heap after GC invocations=5 (full 0):
 PSYoungGen      total 38400K, used 5118K [0x00000000f5580000, 0x00000000fa980000, 0x0000000100000000)
  eden space 33280K, 0% used [0x00000000f5580000,0x00000000f5580000,0x00000000f7600000)
  from space 5120K, 99% used [0x00000000f7600000,0x00000000f7aff998,0x00000000f7b00000)
  to   space 9728K, 0% used [0x00000000fa000000,0x00000000fa000000,0x00000000fa980000)
 ParOldGen       total 87552K, used 6964K [0x00000000e0000000, 0x00000000e5580000, 0x00000000f5580000)
  object space 87552K, 7% used [0x00000000e0000000,0x00000000e06cd0c0,0x00000000e5580000)
 Metaspace       used 16732K, capacity 17390K, committed 17664K, reserved 1064960K
  class space    used 2353K, capacity 2493K, committed 2560K, reserved 1048576K
}

